<?xml version="1.0" encoding="UTF-8"?>
<testng-results skipped="0" failed="0" ignored="0" total="1" passed="1">
  <reporter-output>
  </reporter-output>
  <suite name="Suite1" duration-ms="11247" started-at="2019-04-23T08:40:22Z" finished-at="2019-04-23T08:40:33Z">
    <groups>
    </groups>
    <test name="MavenPacka" duration-ms="11247" started-at="2019-04-23T08:40:22Z" finished-at="2019-04-23T08:40:33Z">
      <class name="com.sel2.NewTest2">
        <test-method status="PASS" signature="beforeMethod()[pri:0, instance:com.sel2.NewTest2@6cc4c815]" name="beforeMethod" is-config="true" duration-ms="5357" started-at="2019-04-23T14:10:22Z" finished-at="2019-04-23T14:10:28Z">
          <reporter-output>
          </reporter-output>
        </test-method> <!-- beforeMethod -->
        <test-method status="PASS" signature="f()[pri:0, instance:com.sel2.NewTest2@6cc4c815]" name="f" duration-ms="3531" started-at="2019-04-23T14:10:28Z" finished-at="2019-04-23T14:10:31Z">
          <reporter-output>
          </reporter-output>
        </test-method> <!-- f -->
        <test-method status="PASS" signature="afterMethod()[pri:0, instance:com.sel2.NewTest2@6cc4c815]" name="afterMethod" is-config="true" duration-ms="2329" started-at="2019-04-23T14:10:31Z" finished-at="2019-04-23T14:10:33Z">
          <reporter-output>
          </reporter-output>
        </test-method> <!-- afterMethod -->
      </class> <!-- com.sel2.NewTest2 -->
    </test> <!-- MavenPacka -->
  </suite> <!-- Suite1 -->
</testng-results>
